$ bun --hot index.ts
🔄 Keep-alive service avviato - Ping ogni 5 minuti
🎯 Target: http://localhost:3000
[24/03/2026, 11:50:53] ❌ Server non raggiungibile: Error: Unable to connect. Is the computer able to access the url?
[24/03/2026, 11:55:54] ✅ Server attivo - Status: 200
[24/03/2026, 12:00:54] ✅ Server attivo - Status: 200
🔄 Keep-alive service avviato!
🎯 Target: http://localhost:3000
⏰ Intervallo ping: 5 minuti
⏰ Sveglia programmata alle 09:00 (tra 1259 minuti)
[24/03/2026, 12:01:14] ✅ Server attivo - Status: 200
[24/03/2026, 12:05:54] ✅ Server attivo - Status: 200
[24/03/2026, 12:06:14] ✅ Server attivo - Status: 200
[24/03/2026, 12:10:54] ✅ Server attivo - Status: 200
[24/03/2026, 12:11:14] ✅ Server attivo - Status: 200
[24/03/2026, 12:15:54] ✅ Server attivo - Status: 200
[24/03/2026, 12:16:14] ✅ Server attivo - Status: 200
[24/03/2026, 12:20:54] ✅ Server attivo - Status: 200
[24/03/2026, 12:21:14] ✅ Server attivo - Status: 200
[24/03/2026, 12:25:54] ✅ Server attivo - Status: 200
[24/03/2026, 12:26:14] ✅ Server attivo - Status: 200
[24/03/2026, 12:30:54] ✅ Server attivo - Status: 200
[24/03/2026, 12:31:14] ✅ Server attivo - Status: 200
[24/03/2026, 12:35:54] ✅ Server attivo - Status: 200
[24/03/2026, 12:36:14] ✅ Server attivo - Status: 200
[24/03/2026, 12:40:54] ✅ Server attivo - Status: 200
[24/03/2026, 12:41:14] ✅ Server attivo - Status: 200
[24/03/2026, 12:45:54] ✅ Server attivo - Status: 200
[24/03/2026, 12:46:14] ✅ Server attivo - Status: 200
[24/03/2026, 12:50:54] ✅ Server attivo - Status: 200
[24/03/2026, 12:51:14] ✅ Server attivo - Status: 200
[24/03/2026, 12:55:54] ✅ Server attivo - Status: 200
[24/03/2026, 12:56:14] ✅ Server attivo - Status: 200
[24/03/2026, 13:00:54] ✅ Server attivo - Status: 200

☀️ Buon pomeriggio! Keep-alive service attivo.
📊 Uptime: 70 minuti
🎯 Target: http://localhost:3000
⏰ Prossimo ping tra: 5 minuti

[24/03/2026, 13:01:14] ✅ Server attivo - Status: 200
[24/03/2026, 13:05:54] ✅ Server attivo - Status: 200
[24/03/2026, 13:06:14] ✅ Server attivo - Status: 200
[24/03/2026, 13:10:54] ✅ Server attivo - Status: 200
[24/03/2026, 13:11:14] ✅ Server attivo - Status: 200
[24/03/2026, 13:15:54] ✅ Server attivo - Status: 200
[24/03/2026, 13:16:14] ✅ Server attivo - Status: 200
[24/03/2026, 13:20:54] ✅ Server attivo - Status: 200
[24/03/2026, 13:21:14] ✅ Server attivo - Status: 200
[24/03/2026, 13:25:54] ✅ Server attivo - Status: 200
[24/03/2026, 13:26:14] ✅ Server attivo - Status: 200
[24/03/2026, 13:30:54] ✅ Server attivo - Status: 200
[24/03/2026, 13:31:14] ✅ Server attivo - Status: 200
[24/03/2026, 13:35:54] ✅ Server attivo - Status: 200
[24/03/2026, 13:36:14] ✅ Server attivo - Status: 200
[24/03/2026, 13:40:54] ✅ Server attivo - Status: 200
[24/03/2026, 13:41:14] ✅ Server attivo - Status: 200
[24/03/2026, 13:45:54] ✅ Server attivo - Status: 200
[24/03/2026, 13:46:14] ✅ Server attivo - Status: 200
[24/03/2026, 13:50:54] ✅ Server attivo - Status: 200
[24/03/2026, 13:51:14] ✅ Server attivo - Status: 200
[24/03/2026, 13:55:54] ✅ Server attivo - Status: 200
[24/03/2026, 13:56:14] ✅ Server attivo - Status: 200
